<?xml version="1.0" encoding="UTF-8"?>
<testsuite xmlns:xsi="http://www.w3.org/2001/XMLSchema-instance" xsi:noNamespaceSchemaLocation="https://maven.apache.org/surefire/maven-surefire-plugin/xsd/surefire-test-report-3.0.xsd" version="3.0" name="com.example.UserServiceTest" time="0.031" tests="8" errors="0" skipped="0" failures="0">
  <properties>
[...]
</properties>
  <testcase name="testGetGenderFromId_Null_Throws" classname="com.example.UserServiceTest" time="0.012"/>
  <testcase name="testGetGenderFromId_Male" classname="com.example.UserServiceTest" time="0.001"/>
  <testcase name="testGetGenderFromId_Female" classname="com.example.UserServiceTest" time="0.001"/>
  <testcase name="testGetUserAgeFromId_Null_Throws" classname="com.example.UserServiceTest" time="0.001"/>
  <testcase name="testGetUserAgeFromId_ReturnsCorrectAge" classname="com.example.UserServiceTest" time="0.005"/>
  <testcase name="testGetUserAgeFromId_InvalidLength_Throws" classname="com.example.UserServiceTest" time="0.001"/>
  <testcase name="testGetGenderFromId_InvalidLength_Throws" classname="com.example.UserServiceTest" time="0.001"/>
  <testcase name="testGetUserAgeFromId_InvalidDate_Throws" classname="com.example.UserServiceTest" time="0.001"/>
</testsuite>